0 verbose cli /usr/local/bin/node /usr/local/bin/npm
1 info using npm@9.2.0
2 info using node@v18.13.0
3 timing npm:load:whichnode Completed in 0ms
4 timing config:load:defaults Completed in 2ms
5 timing config:load:file:/usr/local/lib/node_modules/npm/npmrc Completed in 17ms
6 timing config:load:builtin Completed in 17ms
7 timing config:load:cli Completed in 2ms
8 timing config:load:env Completed in 0ms
9 timing config:load:project Completed in 9ms
10 timing config:load:file:/home/container/.npmrc Completed in 0ms
11 timing config:load:user Completed in 0ms
12 timing config:load:file:/usr/local/etc/npmrc Completed in 0ms
13 timing config:load:global Completed in 0ms
14 timing config:load:setEnvs Completed in 1ms
15 timing config:load Completed in 31ms
16 timing npm:load:configload Completed in 31ms
17 timing npm:load:mkdirpcache Completed in 0ms
18 timing npm:load:mkdirplogs Completed in 1ms
19 verbose title npm install
20 verbose argv "install"
21 timing npm:load:setTitle Completed in 1ms
22 timing config:load:flatten Completed in 2ms
23 timing npm:load:display Completed in 3ms
24 verbose logfile logs-max:10 dir:/home/container/.npm/_logs/2023-01-11T15_05_22_613Z-
25 verbose logfile /home/container/.npm/_logs/2023-01-11T15_05_22_613Z-debug-0.log
26 timing npm:load:logFile Completed in 7ms
27 timing npm:load:timers Completed in 0ms
28 timing npm:load:configScope Completed in 0ms
29 timing npm:load Completed in 43ms
30 silly logfile start cleaning logs, removing 1 files
31 timing config:load:flatten Completed in 0ms
32 timing arborist:ctor Completed in 1ms
33 silly logfile done cleaning log files
34 timing idealTree:init Completed in 623ms
35 timing idealTree:userRequests Completed in 1ms
36 silly idealTree buildDeps
37 timing idealTree:#root Completed in 0ms
38 timing idealTree:buildDeps Completed in 6ms
39 timing idealTree:fixDepFlags Completed in 0ms
40 timing idealTree Completed in 641ms
41 timing arborist:ctor Completed in 0ms
42 timing reify:loadTrees Completed in 1052ms
43 timing reify:diffTrees Completed in 7ms
44 silly reify moves {}
45 timing reify:retireShallow Completed in 1ms
46 timing reify:createSparse Completed in 0ms
47 timing reify:loadBundles Completed in 0ms
48 silly audit bulk request {
48 silly audit   '@adiwajshing/baileys': [ '4.4.0' ],
48 silly audit   '@adiwajshing/keyed-db': [ '0.2.4' ],
48 silly audit   '@babel/runtime': [ '7.18.9' ],
48 silly audit   '@hapi/boom': [ '9.1.4' ],
48 silly audit   '@hapi/hoek': [ '9.3.0' ],
48 silly audit   '@javascript-obfuscator/escodegen': [ '2.3.0' ],
48 silly audit   '@javascript-obfuscator/estraverse': [ '5.4.0' ],
48 silly audit   '@jimp/bmp': [ '0.16.1' ],
48 silly audit   '@jimp/core': [ '0.16.1' ],
48 silly audit   'file-type': [ '9.0.0', '16.5.4' ],
48 silly audit   mkdirp: [ '0.5.6', '1.0.4' ],
48 silly audit   '@jimp/custom': [ '0.16.1' ],
48 silly audit   '@jimp/gif': [ '0.16.1' ],
48 silly audit   '@jimp/jpeg': [ '0.16.1' ],
48 silly audit   '@jimp/plugin-blit': [ '0.16.1' ],
48 silly audit   '@jimp/plugin-blur': [ '0.16.1' ],
48 silly audit   '@jimp/plugin-circle': [ '0.16.1' ],
48 silly audit   '@jimp/plugin-color': [ '0.16.1' ],
48 silly audit   '@jimp/plugin-contain': [ '0.16.1' ],
48 silly audit   '@jimp/plugin-cover': [ '0.16.1' ],
48 silly audit   '@jimp/plugin-crop': [ '0.16.1' ],
48 silly audit   '@jimp/plugin-displace': [ '0.16.1' ],
48 silly audit   '@jimp/plugin-dither': [ '0.16.1' ],
48 silly audit   '@jimp/plugin-fisheye': [ '0.16.1' ],
48 silly audit   '@jimp/plugin-flip': [ '0.16.1' ],
48 silly audit   '@jimp/plugin-gaussian': [ '0.16.1' ],
48 silly audit   '@jimp/plugin-invert': [ '0.16.1' ],
48 silly audit   '@jimp/plugin-mask': [ '0.16.1' ],
48 silly audit   '@jimp/plugin-normalize': [ '0.16.1' ],
48 silly audit   '@jimp/plugin-print': [ '0.16.1' ],
48 silly audit   '@jimp/plugin-resize': [ '0.16.1' ],
48 silly audit   '@jimp/plugin-rotate': [ '0.16.1' ],
48 silly audit   '@jimp/plugin-scale': [ '0.16.1' ],
48 silly audit   '@jimp/plugin-shadow': [ '0.16.1' ],
48 silly audit   '@jimp/plugin-threshold': [ '0.16.1' ],
48 silly audit   '@jimp/plugins': [ '0.16.1' ],
48 silly audit   '@jimp/png': [ '0.16.1' ],
48 silly audit   '@jimp/tiff': [ '0.16.1' ],
48 silly audit   '@jimp/types': [ '0.16.1' ],
48 silly audit   '@jimp/utils': [ '0.16.1' ],
48 silly audit   '@protobufjs/aspromise': [ '1.1.2' ],
48 silly audit   '@protobufjs/base64': [ '1.1.2' ],
48 silly audit   '@protobufjs/codegen': [ '2.0.4' ],
48 silly audit   '@protobufjs/eventemitter': [ '1.1.0' ],
48 silly audit   '@protobufjs/fetch': [ '1.1.0' ],
48 silly audit   '@protobufjs/float': [ '1.0.2' ],
48 silly audit   '@protobufjs/inquire': [ '1.1.0' ],
48 silly audit   '@protobufjs/path': [ '1.1.2' ],
48 silly audit   '@protobufjs/pool': [ '1.1.0' ],
48 silly audit   '@protobufjs/utf8': [ '1.1.0' ],
48 silly audit   '@sindresorhus/is': [ '0.14.0', '4.6.0' ],
48 silly audit   '@szmarczak/http-timer': [ '1.1.2', '4.0.6' ],
48 silly audit   '@tokenizer/token': [ '0.3.0' ],
48 silly audit   '@tootallnate/once': [ '1.1.2', '2.0.0' ],
48 silly audit   '@types/cacheable-request': [ '6.0.2' ],
48 silly audit   '@types/http-cache-semantics': [ '4.0.1' ],
48 silly audit   '@types/json-buffer': [ '3.0.0' ],
48 silly audit   '@types/keyv': [ '3.1.4' ],
48 silly audit   '@types/long': [ '4.0.2' ],
48 silly audit   '@types/minimatch': [ '3.0.5' ],
48 silly audit   '@types/node': [ '10.17.60', '16.9.1', '18.7.14' ],
48 silly audit   '@types/responselike': [ '1.0.0' ],
48 silly audit   '@types/webidl-conversions': [ '7.0.0' ],
48 silly audit   '@types/whatwg-url': [ '8.2.2' ],
48 silly audit   '@vitalets/google-translate-api': [ '8.0.0' ],
48 silly audit   got: [ '9.6.0', '11.8.5' ],
48 silly audit   abab: [ '2.0.6' ],
48 silly audit   acorn: [ '8.7.0', '7.4.1' ],
48 silly audit   'acorn-globals': [ '6.0.0' ],
48 silly audit   'acorn-walk': [ '7.2.0' ],
48 silly audit   'agent-base': [ '6.0.2' ],
48 silly audit   ajv: [ '6.12.6' ],
48 silly audit   'ansi-regex': [ '5.0.1', '2.1.1', '4.1.1', '3.0.1' ],
48 silly audit   'ansi-styles': [ '4.3.0', '3.2.1' ],
48 silly audit   'any-base': [ '1.1.0' ],
48 silly audit   archiver: [ '3.1.1' ],
48 silly audit   'archiver-utils': [ '2.1.0' ],
48 silly audit   'readable-stream': [ '2.3.7', '3.6.0' ],
48 silly audit   'safe-buffer': [ '5.1.2', '5.2.1' ],
48 silly audit   string_decoder: [ '1.1.1', '1.3.0' ],
48 silly audit   async: [ '2.6.4', '3.2.4', '0.9.2' ],
48 silly audit   'array-back': [ '3.1.0' ],
48 silly audit   'array-differ': [ '3.0.0' ],
48 silly audit   'array-union': [ '2.1.0' ],
48 silly audit   arrify: [ '2.0.1' ],
48 silly audit   asn1: [ '0.2.6' ],
48 silly audit   assert: [ '2.0.0' ],
48 silly audit   'assert-plus': [ '1.0.0' ],
48 silly audit   'async.parallellimit': [ '0.5.2' ],
48 silly audit   'async.util.eachoflimit': [ '0.5.2' ],
48 silly audit   'async.util.isarray': [ '0.5.2' ],
48 silly audit   'async.util.isarraylike': [ '0.5.2' ],
48 silly audit   'async.util.keyiterator': [ '0.5.2' ],
48 silly audit   'async.util.keys': [ '0.5.2' ],
48 silly audit   'async.util.noop': [ '0.5.2' ],
48 silly audit   'async.util.once': [ '0.5.2' ],
48 silly audit   'async.util.onlyonce': [ '0.5.2' ],
48 silly audit   'async.util.parallel': [ '0.5.2' ],
48 silly audit   'async.util.restparam': [ '0.5.2' ],
48 silly audit   asynckit: [ '0.4.0' ],
48 silly audit   'atomic-sleep': [ '1.0.0' ],
48 silly audit   'available-typed-arrays': [ '1.0.5' ],
48 silly audit   'awesome-phonenumber': [ '2.73.0' ],
48 silly audit   'aws-sign2': [ '0.7.0' ],
48 silly audit   aws4: [ '1.11.0' ],
48 silly audit   axios: [ '0.24.0', '0.27.2', '0.21.4' ],
48 silly audit   'balanced-match': [ '1.0.2' ],
48 silly audit   'base64-js': [ '1.5.1' ],
48 silly audit   'bcrypt-pbkdf': [ '1.0.2' ],
48 silly audit   bl: [ '4.1.0' ],
48 silly audit   bluebird: [ '3.7.2' ],
48 silly audit   'bmp-js': [ '0.1.0' ],
48 silly audit   boolbase: [ '1.0.0' ],
48 silly audit   boolstring: [ '1.0.2' ],
48 silly audit   'brace-expansion': [ '1.1.11' ],
48 silly audit   'browser-process-hrtime': [ '1.0.0' ],
48 silly audit   bson: [ '4.7.0' ],
48 silly audit   buffer: [ '5.7.1' ],
48 silly audit   'buffer-crc32': [ '0.2.13' ],
48 silly audit   'buffer-equal': [ '0.0.1' ],
48 silly audit   'buffer-from': [ '1.1.2' ],
48 silly audit   'cacheable-lookup': [ '5.0.4' ],
48 silly audit   'cacheable-request': [ '6.1.0', '7.0.2' ],
48 silly audit   'get-stream': [ '5.2.0', '4.1.0' ],
48 silly audit   'lowercase-keys': [ '2.0.0', '1.0.1' ],
48 silly audit   'caliph-api': [ '0.8.6' ],
48 silly audit   'call-bind': [ '1.0.2' ],
48 silly audit   'camel-case': [ '3.0.0' ],
48 silly audit   camelcase: [ '5.3.1' ],
48 silly audit   caseless: [ '0.12.0' ],
48 silly audit   chalk: [ '4.1.2', '2.4.2', '3.0.0' ],
48 silly audit   chance: [ '1.1.8' ],
48 silly audit   'change-case': [ '3.1.0' ],
48 silly audit   'char-regex': [ '1.0.2' ],
48 silly audit   charenc: [ '0.0.2' ],
48 silly audit   cheerio: [ '1.0.0-rc.12' ],
48 silly audit   'cheerio-select': [ '2.1.0' ],
48 silly audit   child_process: [ '1.0.2' ],
48 silly audit   'class-validator': [ '0.13.2' ],
48 silly audit   'cli-color': [ '1.2.0' ],
48 silly audit   'cli-cursor': [ '3.1.0' ],
48 silly audit   'cli-spinners': [ '2.7.0' ],
48 silly audit   cliui: [ '5.0.0', '6.0.0', '7.0.4' ],
48 silly audit   'strip-ansi': [ '5.2.0', '4.0.0', '6.0.1' ],
48 silly audit   clone: [ '2.1.2', '1.0.4' ],
48 silly audit   'clone-response': [ '1.0.3' ],
48 silly audit   'color-convert': [ '2.0.1', '1.9.3' ],
48 silly audit   'color-name': [ '1.1.4', '1.1.3' ],
48 silly audit   colors: [ '1.4.0' ],
48 silly audit   'combined-stream': [ '1.0.8', '0.0.7' ],
48 silly audit   'command-line-args': [ '5.2.1' ],
48 silly audit   commander: [ '2.20.3', '9.0.0' ],
48 silly audit   'complex.js': [ '2.1.1' ],
48 silly audit   'compress-brotli': [ '1.3.8' ],
48 silly audit   'json-buffer': [ '3.0.1', '3.0.0' ],
48 silly audit   'compress-commons': [ '2.1.1' ],
48 silly audit   'concat-map': [ '0.0.1' ],
48 silly audit   configstore: [ '5.0.1' ],
48 silly audit   'constant-case': [ '2.0.0' ],
48 silly audit   'content-type': [ '1.0.4' ],
48 silly audit   cookie: [ '0.5.0', '0.4.2' ],
48 silly audit   'core-util-is': [ '1.0.3', '1.0.2' ],
48 silly audit   crc: [ '3.8.0' ],
48 silly audit   'crc32-stream': [ '3.0.1' ],
48 silly audit   crypt: [ '0.0.2' ],
48 silly audit   crypto: [ '1.0.1' ],
48 silly audit   'crypto-random-string': [ '2.0.0' ],
48 silly audit   'css-select': [ '5.1.0' ],
48 silly audit   'css-what': [ '6.1.0' ],
48 silly audit   cssom: [ '0.4.4', '0.3.8', '0.5.0' ],
48 silly audit   cssstyle: [ '2.3.0' ],
48 silly audit   'curve25519-js': [ '0.0.4' ],
48 silly audit   d: [ '1.0.1' ],
48 silly audit   dashdash: [ '1.14.1' ],
48 silly audit   dasu: [ '0.4.3' ],
48 silly audit   'data-urls': [ '2.0.0', '3.0.2' ],
48 silly audit   tr46: [ '2.1.0', '3.0.0', '0.0.3' ],
48 silly audit   'webidl-conversions': [ '6.1.0', '5.0.0', '7.0.0', '3.0.1' ],
48 silly audit   'whatwg-url': [ '8.7.0', '11.0.0', '10.0.0', '5.0.0' ],
48 silly audit   debug: [ '4.3.4' ],
48 silly audit   ms: [ '2.1.2', '2.1.3' ],
48 silly audit   decamelize: [ '1.2.0' ],
48 silly audit   'decimal.js': [ '10.4.0' ],
48 silly audit   'decompress-response': [ '3.3.0', '6.0.0' ],
48 silly audit   'deep-is': [ '0.1.4' ],
48 silly audit   defaults: [ '1.0.3' ],
48 silly audit   'defer-to-connect': [ '1.1.3', '2.0.1' ],
48 silly audit   'define-properties': [ '1.1.4' ],
48 silly audit   'delayed-stream': [ '1.0.0', '0.0.5' ],
48 silly audit   denque: [ '2.1.0' ],
48 silly audit   'dhn-api': [ '1.1.3' ],
48 silly audit   dijkstrajs: [ '1.0.2' ],
48 silly audit   'dom-serializer': [ '2.0.0' ],
48 silly audit   'dom-walk': [ '0.1.2' ],
48 silly audit   domelementtype: [ '2.3.0' ],
48 silly audit   domexception: [ '2.0.1', '4.0.0' ],
48 silly audit   domhandler: [ '5.0.3' ],
48 silly audit   domutils: [ '3.0.1' ],
48 silly audit   'dot-case': [ '2.1.1' ],
48 silly audit   'dot-prop': [ '5.3.0' ],
48 silly audit   duplexer3: [ '0.1.5' ],
48 silly audit   duplexify: [ '4.1.2' ],
48 silly audit   'ecc-jsbn': [ '0.1.2' ],
48 silly audit   'emoji-regex': [ '7.0.3', '8.0.0' ],
48 silly audit   'encode-utf8': [ '1.0.3' ],
48 silly audit   'end-of-stream': [ '1.4.4' ],
48 silly audit   entities: [ '4.3.1' ],
48 silly audit   'es-abstract': [ '1.20.1' ],
48 silly audit   'es-to-primitive': [ '1.2.1' ],
48 silly audit   'es5-ext': [ '0.10.62' ],
48 silly audit   'es6-iterator': [ '2.0.3' ],
48 silly audit   'es6-object-assign': [ '1.1.0' ],
48 silly audit   'es6-symbol': [ '3.1.3' ],
48 silly audit   'es6-weak-map': [ '2.0.3' ],
48 silly audit   escalade: [ '3.1.1' ],
48 silly audit   'escape-latex': [ '1.2.0' ],
48 silly audit   'escape-string-regexp': [ '1.0.5' ],
48 silly audit   escodegen: [ '2.0.0' ],
48 silly audit   'eslint-scope': [ '7.1.0' ],
48 silly audit   'eslint-visitor-keys': [ '3.2.0' ],
48 silly audit   esprima: [ '4.0.1' ],
48 silly audit   esrecurse: [ '4.3.0' ],
48 silly audit   estraverse: [ '5.3.0' ],
48 silly audit   esutils: [ '2.0.3' ],
48 silly audit   'event-emitter': [ '0.3.5' ],
48 silly audit   'exif-parser': [ '0.1.12' ],
48 silly audit   ext: [ '1.7.0' ],
48 silly audit   type: [ '2.7.2', '1.2.0' ],
48 silly audit   extend: [ '3.0.2' ],
48 silly audit   extsprintf: [ '1.3.0' ],
48 silly audit   'fast-deep-equal': [ '3.1.3' ],
48 silly audit   'fast-json-stable-stringify': [ '2.1.0' ],
48 silly audit   'fast-levenshtein': [ '2.0.6' ],
48 silly audit   'fast-redact': [ '3.1.2' ],
48 silly audit   figlet: [ '1.5.2' ],
48 silly audit   'find-replace': [ '3.0.0' ],
48 silly audit   'find-up': [ '3.0.0', '4.1.0' ],
48 silly audit   'fluent-ffmpeg': [ '2.1.2' ],
48 silly audit   'follow-redirects': [ '1.15.1' ],
48 silly audit   'for-each': [ '0.3.3' ],
48 silly audit   'forever-agent': [ '0.6.1' ],
48 silly audit   'form-data': [ '4.0.0', '3.0.1', '2.3.3', '0.2.0' ],
48 silly audit   'fraction.js': [ '4.2.0' ],
48 silly audit   fs: [ '0.0.1-security' ],
48 silly audit   'fs-constants': [ '1.0.0' ],
48 silly audit   'fs.realpath': [ '1.0.0' ],
48 silly audit   'function-bind': [ '1.1.1' ],
48 silly audit   'function.prototype.name': [ '1.1.5' ],
48 silly audit   'functions-have-names': [ '1.2.3' ],
48 silly audit   'futoin-hkdf': [ '1.5.1' ],
48 silly audit   'g-i-s': [ '2.1.6' ],
48 silly audit   'get-caller-file': [ '2.0.5' ],
48 silly audit   'get-intrinsic': [ '1.1.2' ],
48 silly audit   'get-symbol-description': [ '1.0.0' ],
48 silly audit   getpass: [ '0.1.7' ],
48 silly audit   gifwrap: [ '0.9.4' ],
48 silly audit   glob: [ '7.2.3' ],
48 silly audit   global: [ '4.4.0' ],
48 silly audit   'google-it': [ '1.6.3' ],
48 silly audit   keyv: [ '4.4.1', '3.1.0' ],
48 silly audit   'mimic-response': [ '3.1.0', '1.0.1' ],
48 silly audit   'normalize-url': [ '6.1.0', '4.5.1' ],
48 silly audit   'p-cancelable': [ '2.1.1', '1.1.0' ],
48 silly audit   responselike: [ '2.0.1', '1.0.2' ],
48 silly audit   'graceful-fs': [ '4.2.10' ],
48 silly audit   'har-schema': [ '2.0.0' ],
48 silly audit   'har-validator': [ '5.1.5' ],
48 silly audit   has: [ '1.0.3' ],
48 silly audit   'has-bigints': [ '1.0.2' ],
48 silly audit   'has-flag': [ '4.0.0', '3.0.0' ],
48 silly audit   'has-property-descriptors': [ '1.0.0' ],
48 silly audit   'has-symbols': [ '1.0.3' ],
48 silly audit   'has-tostringtag': [ '1.0.0' ],
48 silly audit   'header-case': [ '1.0.1' ],
48 silly audit   'html-encoding-sniffer': [ '2.0.1', '3.0.0' ],
48 silly audit   'html-entities': [ '1.4.0' ],
48 silly audit   htmlparser2: [ '8.0.1' ],
48 silly audit   'http-cache-semantics': [ '4.1.0' ],
48 silly audit   'http-proxy-agent': [ '4.0.1', '5.0.0' ],
48 silly audit   'http-signature': [ '1.2.0' ],
48 silly audit   'http2-wrapper': [ '1.0.3' ],
48 silly audit   'https-proxy-agent': [ '5.0.1' ],
48 silly audit   'human-readable': [ '0.2.1' ],
48 silly audit   'human-time': [ '0.0.2' ],
48 silly audit   'hxz-api': [ '1.0.1' ],
48 silly audit   qs: [ '6.11.0', '6.5.3' ],
48 silly audit   'iconv-lite': [ '0.4.24', '0.6.3' ],
48 silly audit   ieee754: [ '1.2.1' ],
48 silly audit   'image-q': [ '4.0.0' ],
48 silly audit   'imgbb-uploader': [ '1.5.0' ],
48 silly audit   imurmurhash: [ '0.1.4' ],
48 silly audit   inflight: [ '1.0.6' ],
48 silly audit   inherits: [ '2.0.4', '2.0.3' ],
48 silly audit   instatouch: [ '2.3.19' ],
48 silly audit   yargs: [ '14.2.3', '15.4.1', '17.5.1' ],
48 silly audit   'internal-slot': [ '1.0.3' ],
48 silly audit   inversify: [ '6.0.1' ],
48 silly audit   ip: [ '2.0.0' ],
48 silly audit   'is-arguments': [ '1.1.1' ],
48 silly audit   'is-bigint': [ '1.0.4' ],
48 silly audit   'is-boolean-object': [ '1.1.2' ],
48 silly audit   'is-buffer': [ '1.1.6' ],
48 silly audit   'is-callable': [ '1.2.4' ],
48 silly audit   'is-date-object': [ '1.0.5' ],
48 silly audit   'is-fullwidth-code-point': [ '2.0.0', '3.0.0' ],
48 silly audit   'is-function': [ '1.0.2' ],
48 silly audit   'is-generator-function': [ '1.0.10' ],
48 silly audit   'is-interactive': [ '1.0.0' ],
48 silly audit   'is-lower-case': [ '1.1.3' ],
48 silly audit   'is-nan': [ '1.3.2' ],
48 silly audit   'is-negative-zero': [ '2.0.2' ],
48 silly audit   'is-number-object': [ '1.0.7' ],
48 silly audit   'is-obj': [ '2.0.0' ],
48 silly audit   'is-potential-custom-element-name': [ '1.0.1' ],
48 silly audit   'is-promise': [ '2.2.2' ],
48 silly audit   'is-regex': [ '1.1.4' ],
48 silly audit   'is-shared-array-buffer': [ '1.0.2' ],
48 silly audit   'is-string': [ '1.0.7' ],
48 silly audit   'is-symbol': [ '1.0.4' ],
48 silly audit   'is-typed-array': [ '1.1.9' ],
48 silly audit   'is-typedarray': [ '1.0.0' ],
48 silly audit   'is-upper-case': [ '1.1.2' ],
48 silly audit   'is-weakref': [ '1.0.2' ],
48 silly audit   isarray: [ '1.0.0' ],
48 silly audit   isexe: [ '2.0.0' ],
48 silly audit   isstream: [ '0.1.2' ],
48 silly audit   'javascript-natural-sort': [ '0.7.1' ],
48 silly audit   'javascript-obfuscator': [ '4.0.0' ],
48 silly audit   jimp: [ '0.16.1' ],
48 silly audit   'jpeg-js': [ '0.4.2' ],
48 silly audit   'js-string-escape': [ '1.0.1' ],
48 silly audit   jsbn: [ '0.1.1' ],
48 silly audit   jsdom: [ '16.7.0', '18.1.1' ],
48 silly audit   parse5: [ '6.0.1', '7.0.0' ],
48 silly audit   'tough-cookie': [ '4.1.2', '2.5.0' ],
48 silly audit   ws: [ '7.5.9', '8.8.1' ],
48 silly audit   'json-schema': [ '0.4.0' ],
48 silly audit   'json-schema-traverse': [ '0.4.1' ],
48 silly audit   'json-stringify-safe': [ '5.0.1' ],
48 silly audit   json2csv: [ '4.5.1' ],
48 silly audit   jsonparse: [ '1.3.1' ],
48 silly audit   'jsonpath-plus': [ '5.0.7' ],
48 silly audit   jsprim: [ '1.4.2' ],
48 silly audit   kareem: [ '2.4.1' ],
48 silly audit   keypress: [ '0.2.1' ],
48 silly audit   'kirbotz-api': [ '0.0.2' ],
48 silly audit   'w3c-xmlserializer': [ '3.0.0', '2.0.0' ],
48 silly audit   'whatwg-encoding': [ '2.0.0', '1.0.5' ],
48 silly audit   'whatwg-mimetype': [ '3.0.0', '2.3.0' ],
48 silly audit   'xml-name-validator': [ '4.0.0', '3.0.0' ],
48 silly audit   lazystream: [ '1.0.1' ],
48 silly audit   levn: [ '0.3.0' ],
48 silly audit   'libphonenumber-js': [ '1.10.13' ],
48 silly audit   libsignal: [ '2.0.1' ],
48 silly audit   protobufjs: [ '6.8.8', '6.11.3' ],
48 silly audit   'load-bmfont': [ '1.4.1' ],
48 silly audit   'locate-path': [ '3.0.0', '5.0.0' ],
48 silly audit   lodash: [ '4.17.21' ],
48 silly audit   'lodash.camelcase': [ '4.3.0' ],
48 silly audit   'lodash.defaults': [ '4.2.0' ],
48 silly audit   'lodash.difference': [ '4.5.0' ],
48 silly audit   'lodash.flatten': [ '4.4.0' ],
48 silly audit   'lodash.get': [ '4.4.2' ],
48 silly audit   'lodash.isplainobject': [ '4.0.6' ],
48 silly audit   'lodash.union': [ '4.6.0' ],
48 silly audit   'log-symbols': [ '3.0.0' ],
48 silly audit   'supports-color': [ '5.5.0', '7.2.0' ],
48 silly audit   long: [ '4.0.0' ],
48 silly audit   lowdb: [ '2.1.0' ],
48 silly audit   'lower-case': [ '1.1.4' ],
48 silly audit   'lower-case-first': [ '1.0.2' ],
48 silly audit   'lru-queue': [ '0.1.0' ],
48 silly audit   m3u8stream: [ '0.8.6' ],
48 silly audit   'make-dir': [ '3.1.0' ],
48 silly audit   mathjs: [ '10.6.4' ],
48 silly audit   md5: [ '2.3.0' ],
48 silly audit   'media-typer': [ '1.1.0' ],
48 silly audit   memoizee: [ '0.4.15' ],
48 silly audit   'memory-pager': [ '1.5.0' ],
48 silly audit   mime: [ '1.6.0', '2.6.0' ],
48 silly audit   'mime-db': [ '1.52.0', '1.12.0' ],
48 silly audit   'mime-types': [ '2.1.35', '2.0.14' ],
48 silly audit   'mimic-fn': [ '2.1.0' ],
48 silly audit   'min-document': [ '2.19.0' ],
48 silly audit   miniget: [ '4.2.2' ],
48 silly audit   minimatch: [ '3.1.2', '3.0.8' ],
48 silly audit   minimist: [ '1.2.6' ],
48 silly audit   moment: [ '2.29.4' ],
48 silly audit   'moment-timezone': [ '0.5.37' ],
48 silly audit   mongodb: [ '4.8.1' ],
48 silly audit   'mongodb-connection-string-url': [ '2.5.3' ],
48 silly audit   mongoose: [ '6.5.4' ],
48 silly audit   mpath: [ '0.9.0' ],
48 silly audit   mquery: [ '4.0.3' ],
48 silly audit   multimatch: [ '5.0.0' ],
48 silly audit   mumaker: [ '1.0.0' ],
48 silly audit   'music-metadata': [ '7.12.6' ],
48 silly audit   'mute-stream': [ '0.0.8' ],
48 silly audit   'next-tick': [ '1.1.0' ],
48 silly audit   'no-case': [ '2.3.2' ],
48 silly audit   'node-cache': [ '5.1.2' ],
48 silly audit   'node-cron': [ '3.0.2' ],
48 silly audit   uuid: [ '8.3.2', '3.4.0' ],
48 silly audit   'node-fetch': [ '2.6.7' ],
48 silly audit   'node-fzf': [ '0.5.3' ],
48 silly audit   'string-width': [ '2.1.1', '4.2.3', '3.1.0' ],
48 silly audit   'node-webpmux': [ '3.1.1' ],
48 silly audit   'normalize-path': [ '3.0.0' ],
48 silly audit   'nth-check': [ '2.1.1' ],
48 silly audit   nwsapi: [ '2.2.1' ],
48 silly audit   'oauth-sign': [ '0.9.0' ],
48 silly audit   'object-inspect': [ '1.12.2' ],
48 silly audit   'object-is': [ '1.1.5' ],
48 silly audit   'object-keys': [ '1.1.1' ],
48 silly audit   'object-query-string': [ '1.2.0' ],
48 silly audit   'object.assign': [ '4.1.4' ],
48 silly audit   omggif: [ '1.0.10' ],
48 silly audit   'on-exit-leak-free': [ '0.2.0' ],
48 silly audit   once: [ '1.4.0' ],
48 silly audit   onetime: [ '5.1.2' ],
48 silly audit   'opencollective-postinstall': [ '2.0.3' ],
48 silly audit   optionator: [ '0.8.3' ],
48 silly audit   ora: [ '4.1.1' ],
48 silly audit   os: [ '0.1.2' ],
48 silly audit   'p-limit': [ '2.3.0' ],
48 silly audit   'p-locate': [ '3.0.0', '4.1.0' ],
48 silly audit   'p-try': [ '2.2.0' ],
48 silly audit   pako: [ '1.0.11' ],
48 silly audit   'param-case': [ '2.1.1' ],
48 silly audit   'parse-bmfont-ascii': [ '1.0.6' ],
48 silly audit   'parse-bmfont-binary': [ '1.0.6' ],
48 silly audit   'parse-bmfont-xml': [ '1.1.4' ],
48 silly audit   'parse-headers': [ '2.0.5' ],
48 silly audit   'parse-ms': [ '2.1.0' ],
48 silly audit   'parse5-htmlparser2-tree-adapter': [ '7.0.0' ],
48 silly audit   'pascal-case': [ '2.0.1' ],
48 silly audit   path: [ '0.12.7' ],
48 silly audit   'path-case': [ '2.1.1' ],
48 silly audit   'path-exists': [ '3.0.0', '4.0.0' ],
48 silly audit   'path-is-absolute': [ '1.0.1' ],
48 silly audit   util: [ '0.10.4', '0.12.4' ],
48 silly audit   'peek-readable': [ '4.1.0' ],
48 silly audit   perf_hooks: [ '0.0.1' ],
48 silly audit   'performance-now': [ '2.1.0' ],
48 silly audit   phin: [ '2.9.3' ],
48 silly audit   pino: [ '7.11.0' ],
48 silly audit   'pino-abstract-transport': [ '0.5.0' ],
48 silly audit   'pino-std-serializers': [ '4.0.0' ],
48 silly audit   pixelmatch: [ '4.0.2' ],
48 silly audit   pngjs: [ '3.4.0', '5.0.0' ],
48 silly audit   'prelude-ls': [ '1.1.2' ],
48 silly audit   'prepend-http': [ '2.0.0' ],
48 silly audit   process: [ '0.11.10' ],
48 silly audit   'process-nextick-args': [ '2.0.1' ],
48 silly audit   'process-warning': [ '1.0.0' ],
48 silly audit   progress: [ '2.0.3' ],
48 silly audit   psl: [ '1.9.0' ],
48 silly audit   pump: [ '3.0.0' ],
48 silly audit   punycode: [ '2.1.1' ],
48 silly audit   qrcode: [ '1.5.1' ],
48 silly audit   'qrcode-terminal': [ '0.12.0' ],
48 silly audit   'wrap-ansi': [ '6.2.0', '5.1.0', '7.0.0' ],
48 silly audit   'yargs-parser': [ '18.1.3', '15.0.3', '21.1.1' ],
48 silly audit   querystringify: [ '2.2.0' ],
48 silly audit   'quick-format-unescaped': [ '4.0.4' ],
48 silly audit   'quick-lru': [ '5.1.1' ],
48 silly audit   'readable-web-to-node-stream': [ '3.0.2' ],
48 silly audit   'real-require': [ '0.1.0' ],
48 silly audit   redstar: [ '0.0.2' ],
48 silly audit   'reflect-metadata': [ '0.1.13' ],
48 silly audit   'regenerator-runtime': [ '0.13.9' ],
48 silly audit   'regexp.prototype.flags': [ '1.4.3' ],
48 silly audit   'remove.bg': [ '1.3.0' ],
48 silly audit   request: [ '2.88.2' ],
48 silly audit   'request-promise': [ '4.2.6' ],
48 silly audit   'request-promise-core': [ '1.1.4' ],
48 silly audit   'require-directory': [ '2.1.1' ],
48 silly audit   'require-main-filename': [ '2.0.0' ],
48 silly audit   'requires-port': [ '1.0.0' ],
48 silly audit   'resolve-alpn': [ '1.2.1' ],
48 silly audit   'restore-cursor': [ '3.1.0' ],
48 silly audit   'safe-stable-stringify': [ '2.3.1' ],
48 silly audit   'safer-buffer': [ '2.1.2' ],
48 silly audit   saslprep: [ '1.0.3' ],
48 silly audit   sax: [ '1.2.4' ],
48 silly audit   saxes: [ '5.0.1' ],
48 silly audit   'scrape-primbon': [ '1.1.0' ],
48 silly audit   seedrandom: [ '3.0.5' ],
48 silly audit   semver: [ '6.3.0' ],
48 silly audit   'sentence-case': [ '2.1.1' ],
48 silly audit   'set-blocking': [ '2.0.0' ],
48 silly audit   'side-channel': [ '1.0.4' ],
48 silly audit   sift: [ '16.0.0' ],
48 silly audit   'signal-exit': [ '3.0.7' ],
48 silly audit   'smart-buffer': [ '4.2.0' ],
48 silly audit   'snake-case': [ '2.1.0' ],
48 silly audit   socks: [ '2.7.0' ],
48 silly audit   'socks-proxy-agent': [ '5.0.1' ],
48 silly audit   'sonic-boom': [ '2.8.0' ],
48 silly audit   'source-map': [ '0.6.1' ],
48 silly audit   'source-map-support': [ '0.5.21' ],
48 silly audit   'sparse-bitfield': [ '3.0.3' ],
48 silly audit   split2: [ '4.1.0' ],
48 silly audit   sshpk: [ '1.17.0' ],
48 silly audit   'stealthy-require': [ '1.1.1' ],
48 silly audit   steno: [ '1.0.0' ],
48 silly audit   'stream-shift': [ '1.0.1' ],
48 silly audit   'string-template': [ '1.0.0' ],
48 silly audit   'string.prototype.trimend': [ '1.0.5' ],
48 silly audit   'string.prototype.trimstart': [ '1.0.5' ],
48 silly audit   stringz: [ '2.1.0' ],
48 silly audit   strtok3: [ '6.3.0' ],
48 silly audit   'swap-case': [ '1.1.2' ],
48 silly audit   'symbol-tree': [ '3.2.4' ],
48 silly audit   'tar-stream': [ '2.2.0' ],
48 silly audit   'thread-stream': [ '0.15.2' ],
48 silly audit   'timers-ext': [ '0.1.7' ],
48 silly audit   timm: [ '1.7.1' ],
48 silly audit   'tiny-emitter': [ '2.1.0' ],
48 silly audit   tinycolor2: [ '1.4.2' ],
48 silly audit   'title-case': [ '2.1.1' ],
48 silly audit   'to-readable-stream': [ '1.0.0' ],
48 silly audit   'token-types': [ '4.2.1' ],
48 silly audit   tslib: [ '2.3.1' ],
48 silly audit   ttys: [ '0.0.3' ],
48 silly audit   'tunnel-agent': [ '0.6.0' ],
48 silly audit   tweetnacl: [ '0.14.5' ],
48 silly audit   'type-check': [ '0.3.2' ],
48 silly audit   'typed-function': [ '2.1.0' ],
48 silly audit   'typedarray-to-buffer': [ '3.1.5' ],
48 silly audit   typical: [ '4.0.0' ],
48 silly audit   'uglify-js': [ '3.17.0' ],
48 silly audit   'unbox-primitive': [ '1.0.2' ],
48 silly audit   underscore: [ '1.13.4' ],
48 silly audit   'unique-string': [ '2.0.0' ],
48 silly audit   unirest: [ '0.6.0' ],
48 silly audit   universalify: [ '0.2.0' ],
48 silly audit   'upper-case': [ '1.1.3' ],
48 silly audit   'upper-case-first': [ '1.1.2' ],
48 silly audit   'uri-js': [ '4.4.1' ],
48 silly audit   'url-parse': [ '1.5.10' ],
48 silly audit   'url-parse-lax': [ '3.0.0' ],
48 silly audit   utif: [ '2.0.1' ],
48 silly audit   'util-deprecate': [ '1.0.2' ],
48 silly audit   validator: [ '13.7.0' ],
48 silly audit   verror: [ '1.10.0' ],
48 silly audit   'w3c-hr-time': [ '1.0.2' ],
48 silly audit   wcwidth: [ '1.0.1' ],
48 silly audit   which: [ '1.3.1' ],
48 silly audit   'which-boxed-primitive': [ '1.0.2' ],
48 silly audit   'which-module': [ '2.0.0' ],
48 silly audit   'which-typed-array': [ '1.1.8' ],
48 silly audit   whois: [ '2.14.0' ],
48 silly audit   'word-wrap': [ '1.2.3' ],
48 silly audit   wrappy: [ '1.0.2' ],
48 silly audit   'write-file-atomic': [ '3.0.3' ],
48 silly audit   'xdg-basedir': [ '4.0.0' ],
48 silly audit   xhr: [ '2.6.0' ],
48 silly audit   'xml-parse-from-string': [ '1.0.1' ],
48 silly audit   xml2js: [ '0.4.23' ],
48 silly audit   xmlbuilder: [ '11.0.1' ],
48 silly audit   xmlchars: [ '2.2.0' ],
48 silly audit   xtend: [ '4.0.2' ],
48 silly audit   y18n: [ '4.0.3', '5.0.8' ],
48 silly audit   'yt-search': [ '2.10.3' ],
48 silly audit   'ytdl-core': [ '4.11.1' ],
48 silly audit   'zip-stream': [ '2.1.3' ]
48 silly audit }
49 timing reify:unpack Completed in 3ms
50 timing reify:unretire Completed in 0ms
51 timing build:queue Completed in 0ms
52 timing build:deps Completed in 0ms
53 timing build Completed in 0ms
54 timing reify:build Completed in 1ms
55 timing reify:trash Completed in 0ms
56 timing reify:save Completed in 132ms
57 http fetch POST 200 https://registry.npmjs.org/-/npm/v1/security/advisories/bulk 3045ms
58 timing auditReport:getReport Completed in 3059ms
59 silly audit report {
59 silly audit report   got: [
59 silly audit report     {
59 silly audit report       id: 1080920,
59 silly audit report       url: 'https://github.com/advisories/GHSA-pfrx-2q88-qq97',
59 silly audit report       title: 'Got allows a redirect to a UNIX socket',
59 silly audit report       severity: 'moderate',
59 silly audit report       vulnerable_versions: '<11.8.5',
59 silly audit report       cwe: [],
59 silly audit report       cvss: [Object]
59 silly audit report     }
59 silly audit report   ],
59 silly audit report   'jpeg-js': [
59 silly audit report     {
59 silly audit report       id: 1088051,
59 silly audit report       url: 'https://github.com/advisories/GHSA-xvf7-4v9q-58w6',
59 silly audit report       title: 'Infinite loop in jpeg-js',
59 silly audit report       severity: 'high',
59 silly audit report       vulnerable_versions: '<0.4.4',
59 silly audit report       cwe: [Array],
59 silly audit report       cvss: [Object]
59 silly audit report     }
59 silly audit report   ]
59 silly audit report }
60 timing metavuln:cache:get:security-advisory:got:VDAqdWeBprXIM3ID/tj0yOqinr2LIY3dglkA/C/aM/Y9MNOK816kL4DQvwHiY6OuV+J0HRHAYvZDHl0QaZw/Og== Completed in 29ms
61 timing metavuln:cache:get:security-advisory:jpeg-js:8rkNhBDCFU6cOvsjZHFsYBIGBgWOP63nSdVtqjuK+ZoSCy4wALUGMCIsWg6xGm5946pyEVO3KNr+pCrzJQZu6g== Completed in 27ms
62 http fetch GET 200 https://registry.npmjs.org/got 44ms (cache hit)
63 timing metavuln:packument:got Completed in 48ms
64 timing metavuln:load:security-advisory:got:1080920 Completed in 11ms
65 timing metavuln:calculate:security-advisory:got:1080920 Completed in 60ms
66 http fetch GET 200 https://registry.npmjs.org/jpeg-js 58ms (cache hit)
67 timing metavuln:packument:jpeg-js Completed in 59ms
68 timing metavuln:load:security-advisory:jpeg-js:1088051 Completed in 0ms
69 timing metavuln:calculate:security-advisory:jpeg-js:1088051 Completed in 59ms
70 timing metavuln:cache:get:security-advisory:@vitalets/google-translate-api:/Z/wRhwqrOfueOMkSx14ndllmhoIH8ezWSWX7/+dbl7IbvwImKMs1H1Galq09lGblv0+3zjfFsIuDrq4iAboTg== Completed in 7ms
71 http fetch GET 200 https://registry.npmjs.org/@vitalets%2fgoogle-translate-api 8ms (cache hit)
72 timing metavuln:packument:@vitalets/google-translate-api Completed in 10ms
73 timing metavuln:load:security-advisory:@vitalets/google-translate-api:VDAqdWeBprXIM3ID/tj0yOqinr2LIY3dglkA/C/aM/Y9MNOK816kL4DQvwHiY6OuV+J0HRHAYvZDHl0QaZw/Og== Completed in 0ms
74 timing metavuln:calculate:security-advisory:@vitalets/google-translate-api:VDAqdWeBprXIM3ID/tj0yOqinr2LIY3dglkA/C/aM/Y9MNOK816kL4DQvwHiY6OuV+J0HRHAYvZDHl0QaZw/Og== Completed in 10ms
75 timing metavuln:cache:get:security-advisory:@jimp/jpeg:M0k40o6o5znCZQBmyyCmYWJa0el56d9YRHkmdpuN4T+uVeqFFu2d+xB60WjMtG/x7kqUMSMQKWNM9VEHancQWw== Completed in 3ms
76 http fetch GET 200 https://registry.npmjs.org/@jimp%2fjpeg 4ms (cache hit)
77 timing metavuln:packument:@jimp/jpeg Completed in 7ms
78 timing metavuln:load:security-advisory:@jimp/jpeg:8rkNhBDCFU6cOvsjZHFsYBIGBgWOP63nSdVtqjuK+ZoSCy4wALUGMCIsWg6xGm5946pyEVO3KNr+pCrzJQZu6g== Completed in 2ms
79 timing metavuln:calculate:security-advisory:@jimp/jpeg:8rkNhBDCFU6cOvsjZHFsYBIGBgWOP63nSdVtqjuK+ZoSCy4wALUGMCIsWg6xGm5946pyEVO3KNr+pCrzJQZu6g== Completed in 9ms
80 timing metavuln:cache:get:security-advisory:caliph-api:1FpOOHJN/lVzm5vhOM5OopP1j346zK2oxJaMFzkGPgbmkiDlKclZLSrsX7QePnpbsLQKQKwchSP/T0nPHXax6g== Completed in 2ms
81 http fetch GET 200 https://registry.npmjs.org/caliph-api 3ms (cache hit)
82 timing metavuln:packument:caliph-api Completed in 5ms
83 timing metavuln:load:security-advisory:caliph-api:/Z/wRhwqrOfueOMkSx14ndllmhoIH8ezWSWX7/+dbl7IbvwImKMs1H1Galq09lGblv0+3zjfFsIuDrq4iAboTg== Completed in 0ms
84 timing metavuln:calculate:security-advisory:caliph-api:/Z/wRhwqrOfueOMkSx14ndllmhoIH8ezWSWX7/+dbl7IbvwImKMs1H1Galq09lGblv0+3zjfFsIuDrq4iAboTg== Completed in 5ms
85 timing metavuln:cache:get:security-advisory:@jimp/types:NZB0PNZVc3pBLHowTmGe+KKIM/HU9J1uHMD6zGWjoFNQckSTtiCGZoXjL5/Q5RznBOqLGEMVsEsEXRQZhwMV/A== Completed in 2ms
86 http fetch GET 200 https://registry.npmjs.org/@jimp%2ftypes 4ms (cache hit)
87 timing metavuln:packument:@jimp/types Completed in 5ms
88 timing metavuln:load:security-advisory:@jimp/types:M0k40o6o5znCZQBmyyCmYWJa0el56d9YRHkmdpuN4T+uVeqFFu2d+xB60WjMtG/x7kqUMSMQKWNM9VEHancQWw== Completed in 2ms
89 timing metavuln:calculate:security-advisory:@jimp/types:M0k40o6o5znCZQBmyyCmYWJa0el56d9YRHkmdpuN4T+uVeqFFu2d+xB60WjMtG/x7kqUMSMQKWNM9VEHancQWw== Completed in 7ms
90 timing auditReport:init Completed in 103ms
91 timing reify:audit Completed in 3171ms
92 timing reify Completed in 4236ms
93 timing command:install Completed in 4272ms
94 verbose exit 0
95 timing npm Completed in 4330ms
96 info ok
